*** Using Compiler 'V5.06 update 7 (build 960)', folder: 'D:\Keil5\ARM\ARMCC\Bin'
Build target 'project'
compiling stm32f10x_dbgmcu.c...
compiling stm32f10x_exti.c...
compiling misc.c...
compiling stm32f10x_flash.c...
compiling stm32f10x_adc.c...
compiling stm32f10x_fsmc.c...
compiling stm32f10x_crc.c...
compiling stm32f10x_bkp.c...
compiling stm32f10x_cec.c...
compiling stm32f10x_dac.c...
compiling stm32f10x_gpio.c...
compiling stm32f10x_dma.c...
compiling stm32f10x_can.c...
assembling startup_stm32f10x_hd.s...
compiling stm32f10x_iwdg.c...
compiling stm32f10x_pwr.c...
compiling stm32f10x_i2c.c...
compiling core_cm3.c...
compiling stm32f10x_rcc.c...
compiling stm32f10x_rtc.c...
compiling stm32f10x_wwdg.c...
compiling stm32f10x_sdio.c...
compiling system_stm32f10x.c...
compiling stm32f10x_spi.c...
compiling stm32f10x_usart.c...
compiling deca_params_init.c...
compiling stm32f10x_tim.c...
compiling delay.c...
compiling sys.c...
compiling UART.c...
..\sys\UART.c(88): warning:  #550-D: variable "a"  was set but never used
  	uint8_t a;
..\sys\UART.c: 1 warning, 0 errors
compiling deca_range_tables.c...
compiling deca_device.c...
..\decadriver\deca_device.c(1650): warning:  #68-D: integer conversion resulted in a change of sign
          return DWT_ERROR;
..\decadriver\deca_device.c: 1 warning, 0 errors
compiling deca_mutex.c...
compiling main.c...
main.c(7): error:  #5: cannot open source input file "dw1000.h": No such file or directory
  #include "dw1000.h"
main.c: 0 warnings, 1 error
compiling deca_sleep.c...
compiling deca_spi.c...
..\decaplatform\deca_spi.c(56): warning:  #161-D: unrecognized #pragma
  #pragma GCC optimize ("O3")
..\decaplatform\deca_spi.c(101): warning:  #161-D: unrecognized #pragma
  #pragma GCC optimize ("O3")
..\decaplatform\deca_spi.c: 2 warnings, 0 errors
compiling stm32f10x_it.c...
compiling port.c...
"..\OBJ\project.axf" - 1 Error(s), 4 Warning(s).
Target not created.
Build Time Elapsed:  00:00:02
